<?xml version="1.0" encoding="utf-8"?><testsuites name="pytest tests"><testsuite name="pytest" errors="0" failures="0" skipped="0" tests="16" time="4.416" timestamp="2026-04-11T16:50:07.943797+00:00" hostname="agent-env-4f688ba5-fcb5-4ef4-934e-e89dac75b283"><testcase classname="backend.tests.test_iteration8_cms.TestCMSPublicEndpoints" name="test_get_hero_content" time="0.200" /><testcase classname="backend.tests.test_iteration8_cms.TestCMSPublicEndpoints" name="test_get_stats_content" time="0.106" /><testcase classname="backend.tests.test_iteration8_cms.TestCMSPublicEndpoints" name="test_get_about_content" time="0.107" /><testcase classname="backend.tests.test_iteration8_cms.TestCMSPublicEndpoints" name="test_get_faq_content" time="0.117" /><testcase classname="backend.tests.test_iteration8_cms.TestCMSPublicEndpoints" name="test_get_addons_content" time="0.103" /><testcase classname="backend.tests.test_iteration8_cms.TestCMSPublicEndpoints" name="test_get_contact_content" time="0.108" /><testcase classname="backend.tests.test_iteration8_cms.TestCMSAdminEndpoints" name="test_admin_get_cms_hero" time="0.428" /><testcase classname="backend.tests.test_iteration8_cms.TestCMSAdminEndpoints" name="test_admin_update_hero" time="0.462" /><testcase classname="backend.tests.test_iteration8_cms.TestCMSAdminEndpoints" name="test_admin_update_stats" time="0.470" /><testcase classname="backend.tests.test_iteration8_cms.TestCMSAdminEndpoints" name="test_admin_update_faq" time="0.452" /><testcase classname="backend.tests.test_iteration8_cms.TestCMSAdminEndpoints" name="test_admin_update_addons" time="0.526" /><testcase classname="backend.tests.test_iteration8_cms.TestCMSAdminEndpoints" name="test_admin_update_contact" time="0.463" /><testcase classname="backend.tests.test_iteration8_cms.TestCMSAdminEndpoints" name="test_admin_cms_requires_auth" time="0.250" /><testcase classname="backend.tests.test_iteration8_cms.TestCMSAdminEndpoints" name="test_admin_cms_invalid_section" time="0.116" /><testcase classname="backend.tests.test_iteration8_cms.TestAdminDashboardNavigation" name="test_admin_login_works" time="0.327" /><testcase classname="backend.tests.test_iteration8_cms.TestAdminDashboardNavigation" name="test_admin_me_endpoint" time="0.111" /></testsuite></testsuites>