<?xml version="1.0" encoding="utf-8"?><testsuites name="pytest tests"><testsuite name="pytest" errors="0" failures="0" skipped="0" tests="25" time="6.644" timestamp="2026-04-11T05:21:20.763652+00:00" hostname="agent-env-4f688ba5-fcb5-4ef4-934e-e89dac75b283"><testcase classname="backend.tests.test_iteration5.TestHealthAndBasic" name="test_health_endpoint" time="0.210" /><testcase classname="backend.tests.test_iteration5.TestHealthAndBasic" name="test_api_root" time="0.132" /><testcase classname="backend.tests.test_iteration5.TestNewPricingPackages" name="test_packages_returns_three_tiers" time="0.108" /><testcase classname="backend.tests.test_iteration5.TestNewPricingPackages" name="test_quick_aerial_package" time="0.115" /><testcase classname="backend.tests.test_iteration5.TestNewPricingPackages" name="test_aerial_plus_package" time="0.150" /><testcase classname="backend.tests.test_iteration5.TestNewPricingPackages" name="test_fpv_showcase_package" time="0.141" /><testcase classname="backend.tests.test_iteration5.TestSiteContentAPI" name="test_site_content_returns_data" time="0.136" /><testcase classname="backend.tests.test_iteration5.TestSiteContentAPI" name="test_site_content_phone" time="0.106" /><testcase classname="backend.tests.test_iteration5.TestSiteContentAPI" name="test_site_content_location" time="0.099" /><testcase classname="backend.tests.test_iteration5.TestSiteContentAPI" name="test_site_content_service_areas" time="0.177" /><testcase classname="backend.tests.test_iteration5.TestSiteContentAPI" name="test_site_content_fleet" time="0.110" /><testcase classname="backend.tests.test_iteration5.TestAdminAuth" name="test_admin_login_success" time="0.332" /><testcase classname="backend.tests.test_iteration5.TestAdminAuth" name="test_admin_login_invalid_credentials" time="0.105" /><testcase classname="backend.tests.test_iteration5.TestAdminSiteContent" name="test_admin_site_content_requires_auth" time="0.116" /><testcase classname="backend.tests.test_iteration5.TestAdminSiteContent" name="test_admin_site_content_returns_data" time="0.465" /><testcase classname="backend.tests.test_iteration5.TestAdminSiteContent" name="test_admin_site_content_update" time="0.542" /><testcase classname="backend.tests.test_iteration5.TestAdminPackages" name="test_admin_packages_requires_auth" time="0.101" /><testcase classname="backend.tests.test_iteration5.TestAdminPackages" name="test_admin_packages_returns_list" time="0.450" /><testcase classname="backend.tests.test_iteration5.TestAdminPackages" name="test_admin_packages_update" time="0.552" /><testcase classname="backend.tests.test_iteration5.TestAdminSettings" name="test_admin_settings_requires_auth" time="0.099" /><testcase classname="backend.tests.test_iteration5.TestAdminSettings" name="test_admin_settings_returns_smtp_fields" time="0.430" /><testcase classname="backend.tests.test_iteration5.TestAdminDashboard" name="test_admin_stats" time="0.464" /><testcase classname="backend.tests.test_iteration5.TestAdminDashboard" name="test_admin_bookings" time="0.438" /><testcase classname="backend.tests.test_iteration5.TestAdminDashboard" name="test_admin_clients" time="0.437" /><testcase classname="backend.tests.test_iteration5.TestAdminDashboard" name="test_admin_contacts" time="0.427" /></testsuite></testsuites>