<?xml version="1.0" encoding="utf-8"?><testsuites name="pytest tests"><testsuite name="pytest" errors="0" failures="0" skipped="0" tests="13" time="5.706" timestamp="2026-04-11T06:02:52.327852+00:00" hostname="agent-env-4f688ba5-fcb5-4ef4-934e-e89dac75b283"><testcase classname="backend.tests.test_iteration6.TestPublicEndpoints" name="test_home_services_returns_4_items" time="0.179" /><testcase classname="backend.tests.test_iteration6.TestPublicEndpoints" name="test_portfolio_returns_items" time="0.171" /><testcase classname="backend.tests.test_iteration6.TestAdminAuth" name="test_admin_login_success" time="0.328" /><testcase classname="backend.tests.test_iteration6.TestAdminPortfolio" name="test_get_admin_portfolio" time="0.462" /><testcase classname="backend.tests.test_iteration6.TestAdminPortfolio" name="test_admin_portfolio_requires_auth" time="0.108" /><testcase classname="backend.tests.test_iteration6.TestAdminPortfolio" name="test_create_portfolio_item" time="0.569" /><testcase classname="backend.tests.test_iteration6.TestAdminPortfolio" name="test_update_portfolio_item" time="0.778" /><testcase classname="backend.tests.test_iteration6.TestAdminPortfolio" name="test_delete_portfolio_item" time="0.669" /><testcase classname="backend.tests.test_iteration6.TestAdminHomeServices" name="test_get_admin_home_services" time="0.423" /><testcase classname="backend.tests.test_iteration6.TestAdminHomeServices" name="test_admin_home_services_requires_auth" time="0.103" /><testcase classname="backend.tests.test_iteration6.TestAdminHomeServices" name="test_update_home_services" time="0.755" /><testcase classname="backend.tests.test_iteration6.TestAdminDashboardNavigation" name="test_admin_stats_endpoint" time="0.513" /><testcase classname="backend.tests.test_iteration6.TestCleanup" name="test_cleanup_test_portfolio_items" time="0.560" /></testsuite></testsuites>