<?xml version="1.0" encoding="utf-8"?><testsuites name="pytest tests"><testsuite name="pytest" errors="0" failures="0" skipped="0" tests="15" time="4.496" timestamp="2026-04-11T04:52:35.690997+00:00" hostname="agent-env-4f688ba5-fcb5-4ef4-934e-e89dac75b283"><testcase classname="backend.tests.test_iteration4.TestHealthAndBasics" name="test_health_endpoint" time="0.150" /><testcase classname="backend.tests.test_iteration4.TestHealthAndBasics" name="test_api_root" time="0.109" /><testcase classname="backend.tests.test_iteration4.TestAdminAuth" name="test_admin_login_success" time="0.335" /><testcase classname="backend.tests.test_iteration4.TestAdminAuth" name="test_admin_login_invalid_credentials" time="0.110" /><testcase classname="backend.tests.test_iteration4.TestAdminSettings" name="test_get_settings" time="0.431" /><testcase classname="backend.tests.test_iteration4.TestAdminSettings" name="test_get_settings_unauthorized" time="0.108" /><testcase classname="backend.tests.test_iteration4.TestAdminSettings" name="test_update_settings" time="0.630" /><testcase classname="backend.tests.test_iteration4.TestAdminSettings" name="test_update_settings_unauthorized" time="0.113" /><testcase classname="backend.tests.test_iteration4.TestTestEmail" name="test_send_test_email_mocked" time="0.473" /><testcase classname="backend.tests.test_iteration4.TestTestEmail" name="test_send_test_email_unauthorized" time="0.097" /><testcase classname="backend.tests.test_iteration4.TestPackages" name="test_get_packages" time="0.110" /><testcase classname="backend.tests.test_iteration4.TestAdminDashboard" name="test_admin_stats" time="0.446" /><testcase classname="backend.tests.test_iteration4.TestAdminDashboard" name="test_admin_bookings" time="0.442" /><testcase classname="backend.tests.test_iteration4.TestAdminDashboard" name="test_admin_clients" time="0.421" /><testcase classname="backend.tests.test_iteration4.TestAdminDashboard" name="test_admin_contacts" time="0.433" /></testsuite></testsuites>