<?xml version="1.0" encoding="utf-8"?><testsuites name="pytest tests"><testsuite name="pytest" errors="0" failures="0" skipped="0" tests="8" time="2.979" timestamp="2026-04-11T18:35:37.507164+00:00" hostname="agent-env-4f688ba5-fcb5-4ef4-934e-e89dac75b283"><testcase classname="backend.tests.test_iteration9_features.TestAdminAuth" name="test_admin_login" time="0.355" /><testcase classname="backend.tests.test_iteration9_features.TestBookingDeletion" name="test_delete_booking_success" time="1.042" /><testcase classname="backend.tests.test_iteration9_features.TestBookingDeletion" name="test_delete_nonexistent_booking" time="0.106" /><testcase classname="backend.tests.test_iteration9_features.TestBookingDeletion" name="test_delete_booking_requires_auth" time="0.116" /><testcase classname="backend.tests.test_iteration9_features.TestPhotoStoragePath" name="test_update_storage_path_absolute" time="0.608" /><testcase classname="backend.tests.test_iteration9_features.TestPhotoStoragePath" name="test_restore_default_storage_path" time="0.117" /><testcase classname="backend.tests.test_iteration9_features.TestPackagesAPI" name="test_packages_have_full_details" time="0.116" /><testcase classname="backend.tests.test_iteration9_features.TestAdminBookingsList" name="test_get_bookings_list" time="0.448" /></testsuite></testsuites>