<?xml version="1.0" encoding="utf-8"?><testsuites name="pytest tests"><testsuite name="pytest" errors="0" failures="0" skipped="0" tests="19" time="5.569" timestamp="2026-04-11T06:43:42.006728+00:00" hostname="agent-env-4f688ba5-fcb5-4ef4-934e-e89dac75b283"><testcase classname="backend.tests.test_iteration7.TestClientAuth" name="test_client_login_success" time="0.374" /><testcase classname="backend.tests.test_iteration7.TestClientAuth" name="test_client_login_invalid_credentials" time="0.322" /><testcase classname="backend.tests.test_iteration7.TestClientAuth" name="test_client_login_nonexistent_email" time="0.110" /><testcase classname="backend.tests.test_iteration7.TestClientAuth" name="test_auth_me_with_cookie" time="0.365" /><testcase classname="backend.tests.test_iteration7.TestClientAuth" name="test_auth_me_without_auth" time="0.107" /><testcase classname="backend.tests.test_iteration7.TestClientAuth" name="test_logout_clears_session" time="0.374" /><testcase classname="backend.tests.test_iteration7.TestPasswordChange" name="test_change_password_success" time="1.316" /><testcase classname="backend.tests.test_iteration7.TestPasswordChange" name="test_change_password_wrong_current" time="0.624" /><testcase classname="backend.tests.test_iteration7.TestPasswordChange" name="test_change_password_requires_auth" time="0.103" /><testcase classname="backend.tests.test_iteration7.TestProfileUpdate" name="test_update_profile_name" time="0.368" /><testcase classname="backend.tests.test_iteration7.TestProfileUpdate" name="test_update_profile_requires_auth" time="0.099" /><testcase classname="backend.tests.test_iteration7.TestBookingAutoAccount" name="test_booking_creates_account_for_new_email" time="0.328" /><testcase classname="backend.tests.test_iteration7.TestBookingAutoAccount" name="test_booking_no_duplicate_for_existing_email" time="0.101" /><testcase classname="backend.tests.test_iteration7.TestPricingUpdates" name="test_quick_aerial_no_video" time="0.102" /><testcase classname="backend.tests.test_iteration7.TestPricingUpdates" name="test_aerial_plus_has_cinematic_no_fpv" time="0.099" /><testcase classname="backend.tests.test_iteration7.TestPricingUpdates" name="test_fpv_showcase_has_fpv" time="0.097" /><testcase classname="backend.tests.test_iteration7.TestFleetUpdate" name="test_fleet_has_betafpv_dji_o4_pro" time="0.110" /><testcase classname="backend.tests.test_iteration7.TestDashboardBranding" name="test_dashboard_requires_auth" time="0.148" /><testcase classname="backend.tests.test_iteration7.TestAdminAuth" name="test_admin_login_works" time="0.334" /></testsuite></testsuites>